<?xml version="1.0" encoding="UTF-8"?>
<testng-results skipped="0" failed="1" ignored="0" total="2" passed="1">
  <reporter-output>
  </reporter-output>
  <suite name="search test" duration-ms="18658" started-at="2019-11-28T10:43:39Z" finished-at="2019-11-28T10:43:57Z">
    <groups>
    </groups>
    <test name="test" duration-ms="11755" started-at="2019-11-28T10:43:39Z" finished-at="2019-11-28T10:43:51Z">
      <class name="com.searchmodules.tests.SearchTest">
        <test-method status="PASS" signature="setupDriver(org.testng.ITestContext)[pri:0, instance:com.searchmodules.tests.SearchTest@2a18f23c]" name="setupDriver" is-config="true" duration-ms="6517" started-at="2019-11-28T10:43:39Z" finished-at="2019-11-28T10:43:45Z">
          <params>
            <param index="0">
              <value>
                <![CDATA[org.testng.TestRunner@4149c063]]>
              </value>
            </param>
          </params>
          <reporter-output>
          </reporter-output>
        </test-method> <!-- setupDriver -->
        <test-method status="PASS" signature="search(java.lang.String)[pri:0, instance:com.searchmodules.tests.SearchTest@2a18f23c]" name="search" duration-ms="4531" started-at="2019-11-28T10:43:45Z" finished-at="2019-11-28T10:43:50Z">
          <params>
            <param index="0">
              <value>
                <![CDATA[java]]>
              </value>
            </param>
          </params>
          <reporter-output>
          </reporter-output>
        </test-method> <!-- search -->
        <test-method status="PASS" signature="quite()[pri:0, instance:com.searchmodules.tests.SearchTest@2a18f23c]" name="quite" is-config="true" duration-ms="664" started-at="2019-11-28T10:43:50Z" finished-at="2019-11-28T10:43:51Z">
          <reporter-output>
          </reporter-output>
        </test-method> <!-- quite -->
      </class> <!-- com.searchmodules.tests.SearchTest -->
    </test> <!-- test -->
    <test name="test1" duration-ms="6827" started-at="2019-11-28T10:43:51Z" finished-at="2019-11-28T10:43:57Z">
      <class name="com.searchmodules.tests.SearchTest">
        <test-method status="PASS" signature="setupDriver(org.testng.ITestContext)[pri:0, instance:com.searchmodules.tests.SearchTest@129a8472]" name="setupDriver" is-config="true" duration-ms="2394" started-at="2019-11-28T10:43:51Z" finished-at="2019-11-28T10:43:53Z">
          <params>
            <param index="0">
              <value>
                <![CDATA[org.testng.TestRunner@9cb8225]]>
              </value>
            </param>
          </params>
          <reporter-output>
          </reporter-output>
        </test-method> <!-- setupDriver -->
        <test-method status="FAIL" signature="search(java.lang.String)[pri:0, instance:com.searchmodules.tests.SearchTest@129a8472]" name="search" duration-ms="3781" started-at="2019-11-28T10:43:53Z" finished-at="2019-11-28T10:43:57Z">
          <params>
            <param index="0">
              <value>
                <![CDATA[qa]]>
              </value>
            </param>
          </params>
          <exception class="java.lang.AssertionError">
            <message>
              <![CDATA[expected [true] but found [false]]]>
            </message>
            <full-stacktrace>
              <![CDATA[java.lang.AssertionError: expected [true] but found [false]
at org.testng.Assert.fail(Assert.java:96)
at org.testng.Assert.failNotEquals(Assert.java:776)
at org.testng.Assert.assertTrue(Assert.java:44)
at org.testng.Assert.assertTrue(Assert.java:54)
at com.searchmodules.tests.SearchTest.search(SearchTest.java:23)
at sun.reflect.NativeMethodAccessorImpl.invoke0(Native Method)
at sun.reflect.NativeMethodAccessorImpl.invoke(NativeMethodAccessorImpl.java:62)
at sun.reflect.DelegatingMethodAccessorImpl.invoke(DelegatingMethodAccessorImpl.java:43)
at java.lang.reflect.Method.invoke(Method.java:498)
at org.testng.internal.MethodInvocationHelper.invokeMethod(MethodInvocationHelper.java:124)
at org.testng.internal.Invoker.invokeMethod(Invoker.java:583)
at org.testng.internal.Invoker.invokeTestMethod(Invoker.java:719)
at org.testng.internal.Invoker.invokeTestMethods(Invoker.java:989)
at org.testng.internal.TestMethodWorker.invokeTestMethods(TestMethodWorker.java:125)
at org.testng.internal.TestMethodWorker.run(TestMethodWorker.java:109)
at org.testng.TestRunner.privateRun(TestRunner.java:648)
at org.testng.TestRunner.run(TestRunner.java:505)
at org.testng.SuiteRunner.runTest(SuiteRunner.java:455)
at org.testng.SuiteRunner.runSequentially(SuiteRunner.java:450)
at org.testng.SuiteRunner.privateRun(SuiteRunner.java:415)
at org.testng.SuiteRunner.run(SuiteRunner.java:364)
at org.testng.SuiteRunnerWorker.runSuite(SuiteRunnerWorker.java:52)
at org.testng.SuiteRunnerWorker.run(SuiteRunnerWorker.java:84)
at org.testng.TestNG.runSuitesSequentially(TestNG.java:1208)
at org.testng.TestNG.runSuitesLocally(TestNG.java:1137)
at org.testng.TestNG.runSuites(TestNG.java:1049)
at org.testng.TestNG.run(TestNG.java:1017)
at org.testng.TestNG.privateMain(TestNG.java:1354)
at org.testng.TestNG.main(TestNG.java:1323)
]]>
            </full-stacktrace>
          </exception> <!-- java.lang.AssertionError -->
          <reporter-output>
          </reporter-output>
        </test-method> <!-- search -->
        <test-method status="PASS" signature="quite()[pri:0, instance:com.searchmodules.tests.SearchTest@129a8472]" name="quite" is-config="true" duration-ms="651" started-at="2019-11-28T10:43:57Z" finished-at="2019-11-28T10:43:57Z">
          <reporter-output>
          </reporter-output>
        </test-method> <!-- quite -->
      </class> <!-- com.searchmodules.tests.SearchTest -->
    </test> <!-- test1 -->
  </suite> <!-- search test -->
</testng-results>
